# JRE version: OpenJDK Runtime Environment (11.0.14.1+1) (build 11.0.14.1+1-Ubuntu-0ubuntu1.20.04)
# Java VM: OpenJDK 64-Bit Server VM (11.0.14.1+1-Ubuntu-0ubuntu1.20.04, mixed mode, sharing, tiered, compressed oops, g1 gc, linux-amd64)
Heap:
 garbage-first heap   total 81920K, used 42676K [0x00000000b3a00000, 0x0000000100000000)
  region size 1024K, 32 young (32768K), 3 survivors (3072K)
 Metaspace       used 18191K, capacity 18873K, committed 19072K, reserved 1064960K
  class space    used 2287K, capacity 2569K, committed 2688K, reserved 1048576K
GC Heap History (7 events):
Event: 1.032 GC heap before
{Heap before GC invocations=0 (full 0):
 garbage-first heap   total 81920K, used 14024K [0x00000000b3a00000, 0x0000000100000000)
  region size 1024K, 14 young (14336K), 0 survivors (0K)
 Metaspace       used 5528K, capacity 5790K, committed 6016K, reserved 1056768K
  class space    used 680K, capacity 805K, committed 896K, reserved 1048576K
}
Event: 1.042 GC heap after
{Heap after GC invocations=1 (full 0):
 garbage-first heap   total 81920K, used 6775K [0x00000000b3a00000, 0x0000000100000000)
  region size 1024K, 2 young (2048K), 2 survivors (2048K)
 Metaspace       used 5528K, capacity 5790K, committed 6016K, reserved 1056768K
  class space    used 680K, capacity 805K, committed 896K, reserved 1048576K
}
Event: 1.262 GC heap before
{Heap before GC invocations=1 (full 0):
 garbage-first heap   total 81920K, used 19063K [0x00000000b3a00000, 0x0000000100000000)
  region size 1024K, 14 young (14336K), 2 survivors (2048K)
 Metaspace       used 7746K, capacity 8134K, committed 8320K, reserved 1056768K
  class space    used 952K, capacity 1120K, committed 1152K, reserved 1048576K
}
Event: 1.276 GC heap after
{Heap after GC invocations=2 (full 0):
 garbage-first heap   total 81920K, used 7730K [0x00000000b3a00000, 0x0000000100000000)
  region size 1024K, 1 young (1024K), 1 survivors (1024K)
 Metaspace       used 7746K, capacity 8134K, committed 8320K, reserved 1056768K
  class space    used 952K, capacity 1120K, committed 1152K, reserved 1048576K
}
Event: 1.778 GC heap before
{Heap before GC invocations=2 (full 0):
 garbage-first heap   total 81920K, used 32306K [0x00000000b3a00000, 0x0000000100000000)
  region size 1024K, 26 young (26624K), 1 survivors (1024K)
 Metaspace       used 12631K, capacity 13240K, committed 13568K, reserved 1060864K
  class space    used 1657K, capacity 1922K, committed 2048K, reserved 1048576K
}
Event: 1.808 GC heap after
{Heap after GC invocations=3 (full 0):
 garbage-first heap   total 81920K, used 12980K [0x00000000b3a00000, 0x0000000100000000)
  region size 1024K, 4 young (4096K), 4 survivors (4096K)
 Metaspace       used 12631K, capacity 13240K, committed 13568K, reserved 1060864K
  class space    used 1657K, capacity 1922K, committed 2048K, reserved 1048576K
}
Event: 2.198 GC heap before
{Heap before GC invocations=3 (full 0):
 garbage-first heap   total 81920K, used 41652K [0x00000000b3a00000, 0x0000000100000000)
  region size 1024K, 33 young (33792K), 4 survivors (4096K)
 Metaspace       used 18191K, capacity 18873K, committed 19072K, reserved 1064960K
  class space    used 2287K, capacity 2569K, committed 2688K, reserved 1048576K
}

